This file contains any messages produced by compilers while
running configure, to aid debugging if configure makes a mistake.

It was created by libsecp256k1 configure 0.1, which was
generated by GNU Autoconf 2.69.  Invocation command line was

  $ ./configure --disable-option-checking --prefix=/home/remapper/Encrypt/depends/x86_64-pc-linux-gnu --disable-tests --enable-module-bulletproof --enable-experimental --enable-module-generator --enable-module-commitment --disable-shared --with-pic --cache-file=/dev/null --srcdir=.

## --------- ##
## Platform. ##
## --------- ##

hostname = remapper-VirtualBox
uname -m = x86_64
uname -r = 5.3.0-61-generic
uname -s = Linux
uname -v = #55~18.04.1-Ubuntu SMP Mon Jun 22 16:40:20 UTC 2020

/usr/bin/uname -p = unknown
/bin/uname -X     = unknown

/bin/arch              = unknown
/usr/bin/arch -k       = unknown
/usr/convex/getsysinfo = unknown
/usr/bin/hostinfo      = unknown
/bin/machine           = unknown
/usr/bin/oslevel       = unknown
/bin/universe          = unknown

PATH: /home/remapper/Encrypt/depends/x86_64-pc-linux-gnu/share/../native/bin
PATH: /usr/local/sbin
PATH: /usr/local/bin
PATH: /usr/sbin
PATH: /usr/bin
PATH: /sbin
PATH: /bin
PATH: /snap/bin


## ----------- ##
## Core tests. ##
## ----------- ##

configure:2311: loading site script /home/remapper/Encrypt/depends/x86_64-pc-linux-gnu/share/config.site
| depends_prefix="`dirname ${ac_site_file}`/.."
| 
| cross_compiling=maybe
| host_alias=x86_64-pc-linux-gnu
| ac_tool_prefix=${host_alias}-
| 
| if test -z $with_boost; then
|   with_boost=$depends_prefix
| fi
| if test -z $with_qt_plugindir; then
|   with_qt_plugindir=$depends_prefix/plugins
| fi
| if test -z $with_qt_translationdir; then
|   with_qt_translationdir=$depends_prefix/translations
| fi
| if test -z $with_qt_bindir && test -z ""; then
|   with_qt_bindir=$depends_prefix/native/bin
| fi
| if test -z $with_protoc_bindir && test -z ""; then
|   with_protoc_bindir=$depends_prefix/native/bin
| fi
| 
| if test -z $with_qrencode && test -n ""; then
|   with_qrencode=no
| fi
| 
| if test -z $enable_wallet && test -n ""; then
|   enable_wallet=no
| fi
| 
| if test -z $with_miniupnpc && test -n ""; then
|   with_miniupnpc=no
| fi
| 
| if test -z $with_gui && test -n ""; then
|   with_gui=no
| fi
| 
| if test -z $enable_zmq && test -n ""; then
|   enable_zmq=no
| fi
| 
| if test xlinux = xdarwin; then
|   BREW=no
|   PORT=no
| fi
| 
| if test xlinux = xmingw32; then
|   if test -z $with_qt_incdir; then
|     with_qt_incdir=$depends_prefix/include
|   fi
|   if test -z $with_qt_libdir; then
|     with_qt_libdir=$depends_prefix/lib
|   fi
| fi
| 
| PATH=$depends_prefix/native/bin:$PATH
| PKG_CONFIG="`which pkg-config` --static"
| 
| # These two need to remain exported because pkg-config does not see them
| # otherwise. That means they must be unexported at the end of configure.ac to
| # avoid ruining the cache. Sigh.
| export PKG_CONFIG_PATH=$depends_prefix/share/pkgconfig:$depends_prefix/lib/pkgconfig
| if test -z ""; then
|   export PKG_CONFIG_LIBDIR=$depends_prefix/lib/pkgconfig
| fi
| 
| CPPFLAGS="-I$depends_prefix/include/ $CPPFLAGS"
| LDFLAGS="-L$depends_prefix/lib $LDFLAGS"
| 
| if test -n "gcc -m64" -a -z "${CC}"; then
|   CC="gcc -m64"
| fi
| if test -n "g++ -m64" -a -z "${CXX}"; then
|   CXX="g++ -m64"
| fi
| PYTHONPATH=$depends_prefix/native/lib/python3/dist-packages:$PYTHONPATH
| 
| if test -n "ar"; then
|   AR=ar
|   ac_cv_path_ac_pt_AR=${AR}
| fi
| 
| if test -n "ranlib"; then
|   RANLIB=ranlib
|   ac_cv_path_ac_pt_RANLIB=${RANLIB}
| fi
| 
| if test -n "nm"; then
|   NM=nm
|   ac_cv_path_ac_pt_NM=${NM}
| fi
| 
| if test -n ""; then
|   enable_reduce_exports=no
| fi
| 
| if test -n "-pipe -O2"; then
|   CFLAGS="-pipe -O2 $CFLAGS"
| fi
| if test -n "-pipe -O2"; then
|   CXXFLAGS="-pipe -O2 $CXXFLAGS"
| fi
| if test -n ""; then
|   CPPFLAGS=" $CPPFLAGS"
| fi
| if test -n ""; then
|   LDFLAGS=" $LDFLAGS"
| fi
configure:2441: checking build system type
configure:2455: result: x86_64-pc-linux-gnu
configure:2475: checking host system type
configure:2488: result: x86_64-pc-linux-gnu
configure:2527: checking for a BSD-compatible install
configure:2595: result: /usr/bin/install -c
configure:2606: checking whether build environment is sane
configure:2661: result: yes
configure:2720: checking for x86_64-pc-linux-gnu-strip
configure:2750: result: no
configure:2760: checking for strip
configure:2776: found /usr/bin/strip
configure:2787: result: strip
configure:2812: checking for a thread-safe mkdir -p
configure:2851: result: /bin/mkdir -p
configure:2858: checking for gawk
configure:2888: result: no
configure:2858: checking for mawk
configure:2874: found /usr/bin/mawk
configure:2885: result: mawk
configure:2896: checking whether make sets $(MAKE)
configure:2918: result: yes
configure:2947: checking whether make supports nested variables
configure:2964: result: yes
configure:3136: checking how to print strings
configure:3163: result: printf
configure:3196: checking for style of include used by make
configure:3224: result: GNU
configure:3255: checking for x86_64-pc-linux-gnu-gcc
configure:3282: result: gcc -m64
configure:3551: checking for C compiler version
configure:3560: gcc -m64 --version >&5
gcc (Ubuntu 7.5.0-3ubuntu1~18.04) 7.5.0
Copyright (C) 2017 Free Software Foundation, Inc.
This is free software; see the source for copying conditions.  There is NO
warranty; not even for MERCHANTABILITY or FITNESS FOR A PARTICULAR PURPOSE.

configure:3571: $? = 0
configure:3560: gcc -m64 -v >&5
Using built-in specs.
COLLECT_GCC=gcc
COLLECT_LTO_WRAPPER=/usr/lib/gcc/x86_64-linux-gnu/7/lto-wrapper
OFFLOAD_TARGET_NAMES=nvptx-none
OFFLOAD_TARGET_DEFAULT=1
Target: x86_64-linux-gnu
Configured with: ../src/configure -v --with-pkgversion='Ubuntu 7.5.0-3ubuntu1~18.04' --with-bugurl=file:///usr/share/doc/gcc-7/README.Bugs --enable-languages=c,ada,c++,go,brig,d,fortran,objc,obj-c++ --prefix=/usr --with-gcc-major-version-only --program-suffix=-7 --program-prefix=x86_64-linux-gnu- --enable-shared --enable-linker-build-id --libexecdir=/usr/lib --without-included-gettext --enable-threads=posix --libdir=/usr/lib --enable-nls --enable-bootstrap --enable-clocale=gnu --enable-libstdcxx-debug --enable-libstdcxx-time=yes --with-default-libstdcxx-abi=new --enable-gnu-unique-object --disable-vtable-verify --enable-libmpx --enable-plugin --enable-default-pie --with-system-zlib --with-target-system-zlib --enable-objc-gc=auto --enable-multiarch --disable-werror --with-arch-32=i686 --with-abi=m64 --with-multilib-list=m32,m64,mx32 --enable-multilib --with-tune=generic --enable-offload-targets=nvptx-none --without-cuda-driver --enable-checking=release --build=x86_64-linux-gnu --host=x86_64-linux-gnu --target=x86_64-linux-gnu
Thread model: posix
gcc version 7.5.0 (Ubuntu 7.5.0-3ubuntu1~18.04) 
configure:3571: $? = 0
configure:3560: gcc -m64 -V >&5
gcc: error: unrecognized command line option '-V'
gcc: fatal error: no input files
compilation terminated.
configure:3571: $? = 1
configure:3560: gcc -m64 -qversion >&5
gcc: error: unrecognized command line option '-qversion'; did you mean '--version'?
gcc: fatal error: no input files
compilation terminated.
configure:3571: $? = 1
configure:3591: checking whether the C compiler works
configure:3613: gcc -m64 -pipe -O2  -I/home/remapper/Encrypt/depends/x86_64-pc-linux-gnu/share/../include/  -L/home/remapper/Encrypt/depends/x86_64-pc-linux-gnu/share/../lib  conftest.c  >&5
configure:3617: $? = 0
configure:3665: result: yes
configure:3668: checking for C compiler default output file name
configure:3670: result: a.out
configure:3676: checking for suffix of executables
configure:3683: gcc -m64 -o conftest -pipe -O2  -I/home/remapper/Encrypt/depends/x86_64-pc-linux-gnu/share/../include/  -L/home/remapper/Encrypt/depends/x86_64-pc-linux-gnu/share/../lib  conftest.c  >&5
configure:3687: $? = 0
configure:3709: result: 
configure:3731: checking whether we are cross compiling
configure:3739: gcc -m64 -o conftest -pipe -O2  -I/home/remapper/Encrypt/depends/x86_64-pc-linux-gnu/share/../include/  -L/home/remapper/Encrypt/depends/x86_64-pc-linux-gnu/share/../lib  conftest.c  >&5
configure:3743: $? = 0
configure:3750: ./conftest
configure:3754: $? = 0
configure:3769: result: no
configure:3774: checking for suffix of object files
configure:3796: gcc -m64 -c -pipe -O2  -I/home/remapper/Encrypt/depends/x86_64-pc-linux-gnu/share/../include/  conftest.c >&5
configure:3800: $? = 0
configure:3821: result: o
configure:3825: checking whether we are using the GNU C compiler
configure:3844: gcc -m64 -c -pipe -O2  -I/home/remapper/Encrypt/depends/x86_64-pc-linux-gnu/share/../include/  conftest.c >&5
configure:3844: $? = 0
configure:3853: result: yes
configure:3862: checking whether gcc -m64 accepts -g
configure:3882: gcc -m64 -c -g -I/home/remapper/Encrypt/depends/x86_64-pc-linux-gnu/share/../include/  conftest.c >&5
configure:3882: $? = 0
configure:3923: result: yes
configure:3940: checking for gcc -m64 option to accept ISO C89
configure:4003: gcc -m64  -c -pipe -O2  -I/home/remapper/Encrypt/depends/x86_64-pc-linux-gnu/share/../include/  conftest.c >&5
configure:4003: $? = 0
configure:4016: result: none needed
configure:4041: checking whether gcc -m64 understands -c and -o together
configure:4063: gcc -m64 -c conftest.c -o conftest2.o
configure:4066: $? = 0
configure:4063: gcc -m64 -c conftest.c -o conftest2.o
configure:4066: $? = 0
configure:4078: result: yes
configure:4097: checking dependency style of gcc -m64
configure:4208: result: gcc3
configure:4223: checking for a sed that does not truncate output
configure:4287: result: /bin/sed
configure:4305: checking for grep that handles long lines and -e
configure:4363: result: /bin/grep
configure:4368: checking for egrep
configure:4430: result: /bin/grep -E
configure:4435: checking for fgrep
configure:4497: result: /bin/grep -F
configure:4532: checking for ld used by gcc -m64
configure:4599: result: /usr/bin/ld
configure:4606: checking if the linker (/usr/bin/ld) is GNU ld
configure:4621: result: yes
configure:4633: checking for BSD- or MS-compatible name lister (nm)
configure:4687: result: nm
configure:4817: checking the name lister (nm) interface
configure:4824: gcc -m64 -c -pipe -O2  -I/home/remapper/Encrypt/depends/x86_64-pc-linux-gnu/share/../include/  conftest.c >&5
configure:4827: nm "conftest.o"
configure:4830: output
0000000000000000 B some_variable
configure:4837: result: BSD nm
configure:4840: checking whether ln -s works
configure:4844: result: yes
configure:4852: checking the maximum length of command line arguments
configure:4983: result: 1572864
configure:5031: checking how to convert x86_64-pc-linux-gnu file names to x86_64-pc-linux-gnu format
configure:5071: result: func_convert_file_noop
configure:5078: checking how to convert x86_64-pc-linux-gnu file names to toolchain format
configure:5098: result: func_convert_file_noop
configure:5105: checking for /usr/bin/ld option to reload object files
configure:5112: result: -r
configure:5146: checking for x86_64-pc-linux-gnu-objdump
configure:5176: result: no
configure:5186: checking for objdump
configure:5202: found /usr/bin/objdump
configure:5213: result: objdump
configure:5245: checking how to recognize dependent libraries
configure:5445: result: pass_all
configure:5490: checking for x86_64-pc-linux-gnu-dlltool
configure:5520: result: no
configure:5530: checking for dlltool
configure:5560: result: no
configure:5590: checking how to associate runtime and link libraries
configure:5617: result: printf %s\n
configure:5634: checking for x86_64-pc-linux-gnu-ar
configure:5661: result: ar
configure:5742: checking for archiver @FILE support
configure:5759: gcc -m64 -c -pipe -O2  -I/home/remapper/Encrypt/depends/x86_64-pc-linux-gnu/share/../include/  conftest.c >&5
configure:5759: $? = 0
configure:5762: ar cru libconftest.a @conftest.lst >&5
ar: `u' modifier ignored since `D' is the default (see `U')
configure:5765: $? = 0
configure:5770: ar cru libconftest.a @conftest.lst >&5
ar: `u' modifier ignored since `D' is the default (see `U')
ar: conftest.o: No such file or directory
configure:5773: $? = 1
configure:5785: result: @
configure:5803: checking for x86_64-pc-linux-gnu-strip
configure:5830: result: strip
configure:5902: checking for x86_64-pc-linux-gnu-ranlib
configure:5929: result: ranlib
configure:6071: checking command to parse nm output from gcc -m64 object
configure:6224: gcc -m64 -c -pipe -O2  -I/home/remapper/Encrypt/depends/x86_64-pc-linux-gnu/share/../include/  conftest.c >&5
configure:6227: $? = 0
configure:6231: nm conftest.o \| sed -n -e 's/^.*[ ]\([ABCDGIRSTW][ABCDGIRSTW]*\)[ ][ ]*\([_A-Za-z][_A-Za-z0-9]*\)$/\1 \2 \2/p' | sed '/ __gnu_lto/d' \> conftest.nm
configure:6234: $? = 0
configure:6300: gcc -m64 -o conftest -pipe -O2  -I/home/remapper/Encrypt/depends/x86_64-pc-linux-gnu/share/../include/  -L/home/remapper/Encrypt/depends/x86_64-pc-linux-gnu/share/../lib  conftest.c conftstm.o >&5
configure:6303: $? = 0
configure:6341: result: ok
configure:6388: checking for sysroot
configure:6418: result: no
configure:6425: checking for a working dd
configure:6463: result: /bin/dd
configure:6467: checking how to truncate binary pipes
configure:6482: result: /bin/dd bs=4096 count=1
configure:6618: gcc -m64 -c -pipe -O2  -I/home/remapper/Encrypt/depends/x86_64-pc-linux-gnu/share/../include/  conftest.c >&5
configure:6621: $? = 0
configure:6771: checking for x86_64-pc-linux-gnu-mt
configure:6801: result: no
configure:6811: checking for mt
configure:6827: found /bin/mt
configure:6838: result: mt
configure:6861: checking if mt is a manifest tool
configure:6867: mt '-?'
configure:6875: result: no
configure:7552: checking how to run the C preprocessor
configure:7583: gcc -m64 -E -I/home/remapper/Encrypt/depends/x86_64-pc-linux-gnu/share/../include/  conftest.c
configure:7583: $? = 0
configure:7597: gcc -m64 -E -I/home/remapper/Encrypt/depends/x86_64-pc-linux-gnu/share/../include/  conftest.c
conftest.c:11:10: fatal error: ac_nonexistent.h: No such file or directory
 #include <ac_nonexistent.h>
          ^~~~~~~~~~~~~~~~~~
compilation terminated.
configure:7597: $? = 1
configure: failed program was:
| /* confdefs.h */
| #define PACKAGE_NAME "libsecp256k1"
| #define PACKAGE_TARNAME "libsecp256k1"
| #define PACKAGE_VERSION "0.1"
| #define PACKAGE_STRING "libsecp256k1 0.1"
| #define PACKAGE_BUGREPORT ""
| #define PACKAGE_URL ""
| #define PACKAGE "libsecp256k1"
| #define VERSION "0.1"
| /* end confdefs.h.  */
| #include <ac_nonexistent.h>
configure:7622: result: gcc -m64 -E
configure:7642: gcc -m64 -E -I/home/remapper/Encrypt/depends/x86_64-pc-linux-gnu/share/../include/  conftest.c
configure:7642: $? = 0
configure:7656: gcc -m64 -E -I/home/remapper/Encrypt/depends/x86_64-pc-linux-gnu/share/../include/  conftest.c
conftest.c:11:10: fatal error: ac_nonexistent.h: No such file or directory
 #include <ac_nonexistent.h>
          ^~~~~~~~~~~~~~~~~~
compilation terminated.
configure:7656: $? = 1
configure: failed program was:
| /* confdefs.h */
| #define PACKAGE_NAME "libsecp256k1"
| #define PACKAGE_TARNAME "libsecp256k1"
| #define PACKAGE_VERSION "0.1"
| #define PACKAGE_STRING "libsecp256k1 0.1"
| #define PACKAGE_BUGREPORT ""
| #define PACKAGE_URL ""
| #define PACKAGE "libsecp256k1"
| #define VERSION "0.1"
| /* end confdefs.h.  */
| #include <ac_nonexistent.h>
configure:7685: checking for ANSI C header files
configure:7705: gcc -m64 -c -pipe -O2  -I/home/remapper/Encrypt/depends/x86_64-pc-linux-gnu/share/../include/  conftest.c >&5
configure:7705: $? = 0
configure:7778: gcc -m64 -o conftest -pipe -O2  -I/home/remapper/Encrypt/depends/x86_64-pc-linux-gnu/share/../include/  -L/home/remapper/Encrypt/depends/x86_64-pc-linux-gnu/share/../lib  conftest.c  >&5
configure:7778: $? = 0
configure:7778: ./conftest
configure:7778: $? = 0
configure:7789: result: yes
configure:7802: checking for sys/types.h
configure:7802: gcc -m64 -c -pipe -O2  -I/home/remapper/Encrypt/depends/x86_64-pc-linux-gnu/share/../include/  conftest.c >&5
configure:7802: $? = 0
configure:7802: result: yes
configure:7802: checking for sys/stat.h
configure:7802: gcc -m64 -c -pipe -O2  -I/home/remapper/Encrypt/depends/x86_64-pc-linux-gnu/share/../include/  conftest.c >&5
configure:7802: $? = 0
configure:7802: result: yes
configure:7802: checking for stdlib.h
configure:7802: gcc -m64 -c -pipe -O2  -I/home/remapper/Encrypt/depends/x86_64-pc-linux-gnu/share/../include/  conftest.c >&5
configure:7802: $? = 0
configure:7802: result: yes
configure:7802: checking for string.h
configure:7802: gcc -m64 -c -pipe -O2  -I/home/remapper/Encrypt/depends/x86_64-pc-linux-gnu/share/../include/  conftest.c >&5
configure:7802: $? = 0
configure:7802: result: yes
configure:7802: checking for memory.h
configure:7802: gcc -m64 -c -pipe -O2  -I/home/remapper/Encrypt/depends/x86_64-pc-linux-gnu/share/../include/  conftest.c >&5
configure:7802: $? = 0
configure:7802: result: yes
configure:7802: checking for strings.h
configure:7802: gcc -m64 -c -pipe -O2  -I/home/remapper/Encrypt/depends/x86_64-pc-linux-gnu/share/../include/  conftest.c >&5
configure:7802: $? = 0
configure:7802: result: yes
configure:7802: checking for inttypes.h
configure:7802: gcc -m64 -c -pipe -O2  -I/home/remapper/Encrypt/depends/x86_64-pc-linux-gnu/share/../include/  conftest.c >&5
configure:7802: $? = 0
configure:7802: result: yes
configure:7802: checking for stdint.h
configure:7802: gcc -m64 -c -pipe -O2  -I/home/remapper/Encrypt/depends/x86_64-pc-linux-gnu/share/../include/  conftest.c >&5
configure:7802: $? = 0
configure:7802: result: yes
configure:7802: checking for unistd.h
configure:7802: gcc -m64 -c -pipe -O2  -I/home/remapper/Encrypt/depends/x86_64-pc-linux-gnu/share/../include/  conftest.c >&5
configure:7802: $? = 0
configure:7802: result: yes
configure:7816: checking for dlfcn.h
configure:7816: gcc -m64 -c -pipe -O2  -I/home/remapper/Encrypt/depends/x86_64-pc-linux-gnu/share/../include/  conftest.c >&5
configure:7816: $? = 0
configure:7816: result: yes
configure:8072: checking for objdir
configure:8087: result: .libs
configure:8351: checking if gcc -m64 supports -fno-rtti -fno-exceptions
configure:8369: gcc -m64 -c -pipe -O2  -I/home/remapper/Encrypt/depends/x86_64-pc-linux-gnu/share/../include/  -fno-rtti -fno-exceptions conftest.c >&5
cc1: warning: command line option '-fno-rtti' is valid for C++/ObjC++ but not for C
configure:8373: $? = 0
configure:8386: result: no
configure:8744: checking for gcc -m64 option to produce PIC
configure:8751: result: -fPIC -DPIC
configure:8759: checking if gcc -m64 PIC flag -fPIC -DPIC works
configure:8777: gcc -m64 -c -pipe -O2  -I/home/remapper/Encrypt/depends/x86_64-pc-linux-gnu/share/../include/  -fPIC -DPIC -DPIC conftest.c >&5
configure:8781: $? = 0
configure:8794: result: yes
configure:8823: checking if gcc -m64 static flag -static works
configure:8851: result: yes
configure:8866: checking if gcc -m64 supports -c -o file.o
configure:8887: gcc -m64 -c -pipe -O2  -I/home/remapper/Encrypt/depends/x86_64-pc-linux-gnu/share/../include/  -o out/conftest2.o conftest.c >&5
configure:8891: $? = 0
configure:8913: result: yes
configure:8921: checking if gcc -m64 supports -c -o file.o
configure:8968: result: yes
configure:9001: checking whether the gcc -m64 linker (/usr/bin/ld -m elf_x86_64) supports shared libraries
configure:10264: result: yes
configure:10504: checking dynamic linker characteristics
configure:11085: gcc -m64 -o conftest -pipe -O2  -I/home/remapper/Encrypt/depends/x86_64-pc-linux-gnu/share/../include/  -L/home/remapper/Encrypt/depends/x86_64-pc-linux-gnu/share/../lib  -Wl,-rpath -Wl,/foo conftest.c  >&5
configure:11085: $? = 0
configure:11334: result: GNU/Linux ld.so
configure:11456: checking how to hardcode library paths into programs
configure:11481: result: immediate
configure:12029: checking whether stripping libraries is possible
configure:12034: result: yes
configure:12069: checking if libtool supports shared libraries
configure:12071: result: yes
configure:12074: checking whether to build shared libraries
configure:12099: result: no
configure:12102: checking whether to build static libraries
configure:12106: result: yes
configure:12155: checking whether make supports nested variables
configure:12172: result: yes
configure:12195: checking for x86_64-pc-linux-gnu-pkg-config
configure:12225: result: /usr/bin/pkg-config --static
configure:12293: checking pkg-config is at least version 0.9.0
configure:12296: result: yes
configure:12308: checking for x86_64-pc-linux-gnu-ar
configure:12341: result: no
configure:12351: checking for ar
configure:12381: result: ar
configure:12406: checking for x86_64-pc-linux-gnu-ranlib
configure:12439: result: no
configure:12449: checking for ranlib
configure:12479: result: ranlib
configure:12504: checking for x86_64-pc-linux-gnu-strip
configure:12537: result: no
configure:12547: checking for strip
configure:12565: found /usr/bin/strip
configure:12577: result: /usr/bin/strip
configure:12655: checking for gcc
configure:12671: found /usr/bin/gcc
configure:12682: result: gcc
configure:12911: checking for C compiler version
configure:12920: gcc --version >&5
gcc (Ubuntu 7.5.0-3ubuntu1~18.04) 7.5.0
Copyright (C) 2017 Free Software Foundation, Inc.
This is free software; see the source for copying conditions.  There is NO
warranty; not even for MERCHANTABILITY or FITNESS FOR A PARTICULAR PURPOSE.

configure:12931: $? = 0
configure:12920: gcc -v >&5
Using built-in specs.
COLLECT_GCC=gcc
COLLECT_LTO_WRAPPER=/usr/lib/gcc/x86_64-linux-gnu/7/lto-wrapper
OFFLOAD_TARGET_NAMES=nvptx-none
OFFLOAD_TARGET_DEFAULT=1
Target: x86_64-linux-gnu
Configured with: ../src/configure -v --with-pkgversion='Ubuntu 7.5.0-3ubuntu1~18.04' --with-bugurl=file:///usr/share/doc/gcc-7/README.Bugs --enable-languages=c,ada,c++,go,brig,d,fortran,objc,obj-c++ --prefix=/usr --with-gcc-major-version-only --program-suffix=-7 --program-prefix=x86_64-linux-gnu- --enable-shared --enable-linker-build-id --libexecdir=/usr/lib --without-included-gettext --enable-threads=posix --libdir=/usr/lib --enable-nls --enable-bootstrap --enable-clocale=gnu --enable-libstdcxx-debug --enable-libstdcxx-time=yes --with-default-libstdcxx-abi=new --enable-gnu-unique-object --disable-vtable-verify --enable-libmpx --enable-plugin --enable-default-pie --with-system-zlib --with-target-system-zlib --enable-objc-gc=auto --enable-multiarch --disable-werror --with-arch-32=i686 --with-abi=m64 --with-multilib-list=m32,m64,mx32 --enable-multilib --with-tune=generic --enable-offload-targets=nvptx-none --without-cuda-driver --enable-checking=release --build=x86_64-linux-gnu --host=x86_64-linux-gnu --target=x86_64-linux-gnu
Thread model: posix
gcc version 7.5.0 (Ubuntu 7.5.0-3ubuntu1~18.04) 
configure:12931: $? = 0
configure:12920: gcc -V >&5
gcc: error: unrecognized command line option '-V'
gcc: fatal error: no input files
compilation terminated.
configure:12931: $? = 1
configure:12920: gcc -qversion >&5
gcc: error: unrecognized command line option '-qversion'; did you mean '--version'?
gcc: fatal error: no input files
compilation terminated.
configure:12931: $? = 1
configure:12935: checking whether we are using the GNU C compiler
configure:12963: result: yes
configure:12972: checking whether gcc accepts -g
configure:12992: gcc -m64 -c -pipe -O2  -I/home/remapper/Encrypt/depends/x86_64-pc-linux-gnu/share/../include/  conftest.c >&5
configure:12992: $? = 0
configure:13033: result: yes
configure:13050: checking for gcc option to accept ISO C89
configure:13126: result: none needed
configure:13151: checking whether gcc understands -c and -o together
configure:13188: result: yes
configure:13207: checking dependency style of gcc
configure:13318: result: gcc3
configure:13338: checking how to run the C preprocessor
configure:13369: gcc -m64 -E -I/home/remapper/Encrypt/depends/x86_64-pc-linux-gnu/share/../include/  conftest.c
configure:13369: $? = 0
configure:13383: gcc -m64 -E -I/home/remapper/Encrypt/depends/x86_64-pc-linux-gnu/share/../include/  conftest.c
conftest.c:23:10: fatal error: ac_nonexistent.h: No such file or directory
 #include <ac_nonexistent.h>
          ^~~~~~~~~~~~~~~~~~
compilation terminated.
configure:13383: $? = 1
configure: failed program was:
| /* confdefs.h */
| #define PACKAGE_NAME "libsecp256k1"
| #define PACKAGE_TARNAME "libsecp256k1"
| #define PACKAGE_VERSION "0.1"
| #define PACKAGE_STRING "libsecp256k1 0.1"
| #define PACKAGE_BUGREPORT ""
| #define PACKAGE_URL ""
| #define PACKAGE "libsecp256k1"
| #define VERSION "0.1"
| #define STDC_HEADERS 1
| #define HAVE_SYS_TYPES_H 1
| #define HAVE_SYS_STAT_H 1
| #define HAVE_STDLIB_H 1
| #define HAVE_STRING_H 1
| #define HAVE_MEMORY_H 1
| #define HAVE_STRINGS_H 1
| #define HAVE_INTTYPES_H 1
| #define HAVE_STDINT_H 1
| #define HAVE_UNISTD_H 1
| #define HAVE_DLFCN_H 1
| #define LT_OBJDIR ".libs/"
| /* end confdefs.h.  */
| #include <ac_nonexistent.h>
configure:13408: result: gcc -E
configure:13428: gcc -m64 -E -I/home/remapper/Encrypt/depends/x86_64-pc-linux-gnu/share/../include/  conftest.c
configure:13428: $? = 0
configure:13442: gcc -m64 -E -I/home/remapper/Encrypt/depends/x86_64-pc-linux-gnu/share/../include/  conftest.c
conftest.c:23:10: fatal error: ac_nonexistent.h: No such file or directory
 #include <ac_nonexistent.h>
          ^~~~~~~~~~~~~~~~~~
compilation terminated.
configure:13442: $? = 1
configure: failed program was:
| /* confdefs.h */
| #define PACKAGE_NAME "libsecp256k1"
| #define PACKAGE_TARNAME "libsecp256k1"
| #define PACKAGE_VERSION "0.1"
| #define PACKAGE_STRING "libsecp256k1 0.1"
| #define PACKAGE_BUGREPORT ""
| #define PACKAGE_URL ""
| #define PACKAGE "libsecp256k1"
| #define VERSION "0.1"
| #define STDC_HEADERS 1
| #define HAVE_SYS_TYPES_H 1
| #define HAVE_SYS_STAT_H 1
| #define HAVE_STDLIB_H 1
| #define HAVE_STRING_H 1
| #define HAVE_MEMORY_H 1
| #define HAVE_STRINGS_H 1
| #define HAVE_INTTYPES_H 1
| #define HAVE_STDINT_H 1
| #define HAVE_UNISTD_H 1
| #define HAVE_DLFCN_H 1
| #define LT_OBJDIR ".libs/"
| /* end confdefs.h.  */
| #include <ac_nonexistent.h>
configure:13486: checking for gcc -m64 option to accept ISO C89
configure:13562: result: none needed
configure:13589: checking dependency style of gcc -m64
configure:13698: result: gcc3
configure:13824: checking if gcc -m64 supports -std=c89 -pedantic -Wall -Wextra -Wcast-align -Wnested-externs -Wshadow -Wstrict-prototypes -Wno-unused-function -Wno-long-long -Wno-overlength-strings
configure:13830: gcc -m64 -c -pipe -O2  -W -std=c89 -pedantic -Wall -Wextra -Wcast-align -Wnested-externs -Wshadow -Wstrict-prototypes -Wno-unused-function -Wno-long-long -Wno-overlength-strings -I/home/remapper/Encrypt/depends/x86_64-pc-linux-gnu/share/../include/  conftest.c >&5
configure:13830: $? = 0
configure:13831: result: yes
configure:13843: checking if gcc -m64 supports -fvisibility=hidden
configure:13849: gcc -m64 -c -pipe -O2  -W -std=c89 -pedantic -Wall -Wextra -Wcast-align -Wnested-externs -Wshadow -Wstrict-prototypes -Wno-unused-function -Wno-long-long -Wno-overlength-strings -fvisibility=hidden -I/home/remapper/Encrypt/depends/x86_64-pc-linux-gnu/share/../include/  conftest.c >&5
configure:13849: $? = 0
configure:13850: result: yes
configure:14033: checking for __int128
configure:14033: gcc -m64 -c -pipe -O2  -W -std=c89 -pedantic -Wall -Wextra -Wcast-align -Wnested-externs -Wshadow -Wstrict-prototypes -Wno-unused-function -Wno-long-long -Wno-overlength-strings -fvisibility=hidden -I/home/remapper/Encrypt/depends/x86_64-pc-linux-gnu/share/../include/  conftest.c >&5
conftest.c:57:1: warning: function declaration isn't a prototype [-Wstrict-prototypes]
 main ()
 ^~~~
conftest.c: In function 'main':
conftest.c:59:13: warning: ISO C does not support '__int128' types [-Wpedantic]
 if (sizeof (__int128))
             ^~~~~~~~
configure:14033: $? = 0
configure:14033: gcc -m64 -c -pipe -O2  -W -std=c89 -pedantic -Wall -Wextra -Wcast-align -Wnested-externs -Wshadow -Wstrict-prototypes -Wno-unused-function -Wno-long-long -Wno-overlength-strings -fvisibility=hidden -I/home/remapper/Encrypt/depends/x86_64-pc-linux-gnu/share/../include/  conftest.c >&5
conftest.c:57:1: warning: function declaration isn't a prototype [-Wstrict-prototypes]
 main ()
 ^~~~
conftest.c: In function 'main':
conftest.c:59:14: warning: ISO C does not support '__int128' types [-Wpedantic]
 if (sizeof ((__int128)))
              ^~~~~~~~
conftest.c:59:23: error: expected expression before ')' token
 if (sizeof ((__int128)))
                       ^
configure:14033: $? = 1
configure: failed program was:
| /* confdefs.h */
| #define PACKAGE_NAME "libsecp256k1"
| #define PACKAGE_TARNAME "libsecp256k1"
| #define PACKAGE_VERSION "0.1"
| #define PACKAGE_STRING "libsecp256k1 0.1"
| #define PACKAGE_BUGREPORT ""
| #define PACKAGE_URL ""
| #define PACKAGE "libsecp256k1"
| #define VERSION "0.1"
| #define STDC_HEADERS 1
| #define HAVE_SYS_TYPES_H 1
| #define HAVE_SYS_STAT_H 1
| #define HAVE_STDLIB_H 1
| #define HAVE_STRING_H 1
| #define HAVE_MEMORY_H 1
| #define HAVE_STRINGS_H 1
| #define HAVE_INTTYPES_H 1
| #define HAVE_STDINT_H 1
| #define HAVE_UNISTD_H 1
| #define HAVE_DLFCN_H 1
| #define LT_OBJDIR ".libs/"
| /* end confdefs.h.  */
| #include <stdio.h>
| #ifdef HAVE_SYS_TYPES_H
| # include <sys/types.h>
| #endif
| #ifdef HAVE_SYS_STAT_H
| # include <sys/stat.h>
| #endif
| #ifdef STDC_HEADERS
| # include <stdlib.h>
| # include <stddef.h>
| #else
| # ifdef HAVE_STDLIB_H
| #  include <stdlib.h>
| # endif
| #endif
| #ifdef HAVE_STRING_H
| # if !defined STDC_HEADERS && defined HAVE_MEMORY_H
| #  include <memory.h>
| # endif
| # include <string.h>
| #endif
| #ifdef HAVE_STRINGS_H
| # include <strings.h>
| #endif
| #ifdef HAVE_INTTYPES_H
| # include <inttypes.h>
| #endif
| #ifdef HAVE_STDINT_H
| # include <stdint.h>
| #endif
| #ifdef HAVE_UNISTD_H
| # include <unistd.h>
| #endif
| int
| main ()
| {
| if (sizeof ((__int128)))
| 	    return 0;
|   ;
|   return 0;
| }
configure:14033: result: yes
configure:14044: checking for __builtin_expect
configure:14050: gcc -m64 -c -pipe -O2  -W -std=c89 -pedantic -Wall -Wextra -Wcast-align -Wnested-externs -Wshadow -Wstrict-prototypes -Wno-unused-function -Wno-long-long -Wno-overlength-strings -fvisibility=hidden -I/home/remapper/Encrypt/depends/x86_64-pc-linux-gnu/share/../include/  conftest.c >&5
conftest.c:24:6: warning: function declaration isn't a prototype [-Wstrict-prototypes]
 void myfunc() {__builtin_expect(0,0);}
      ^~~~~~
conftest.c: In function 'myfunc':
conftest.c:24:16: warning: statement with no effect [-Wunused-value]
 void myfunc() {__builtin_expect(0,0);}
                ^~~~~~~~~~~~~~~~
configure:14050: $? = 0
configure:14051: result: yes
configure:14072: checking for __builtin_popcount
configure:14078: gcc -m64 -c -pipe -O2  -W -std=c89 -pedantic -Wall -Wextra -Wcast-align -Wnested-externs -Wshadow -Wstrict-prototypes -Wno-unused-function -Wno-long-long -Wno-overlength-strings -fvisibility=hidden -O3 -I/home/remapper/Encrypt/depends/x86_64-pc-linux-gnu/share/../include/  conftest.c >&5
conftest.c:25:6: warning: function declaration isn't a prototype [-Wstrict-prototypes]
 void myfunc() {__builtin_popcount(0);}
      ^~~~~~
conftest.c: In function 'myfunc':
conftest.c:25:16: warning: statement with no effect [-Wunused-value]
 void myfunc() {__builtin_popcount(0);}
                ^~~~~~~~~~~~~~~~~~
configure:14078: $? = 0
configure:14079: result: yes
configure:14090: checking for __builtin_popcountl
configure:14096: gcc -m64 -c -pipe -O2  -W -std=c89 -pedantic -Wall -Wextra -Wcast-align -Wnested-externs -Wshadow -Wstrict-prototypes -Wno-unused-function -Wno-long-long -Wno-overlength-strings -fvisibility=hidden -O3 -I/home/remapper/Encrypt/depends/x86_64-pc-linux-gnu/share/../include/  conftest.c >&5
conftest.c:26:6: warning: function declaration isn't a prototype [-Wstrict-prototypes]
 void myfunc() {__builtin_popcountl(0);}
      ^~~~~~
conftest.c: In function 'myfunc':
conftest.c:26:16: warning: statement with no effect [-Wunused-value]
 void myfunc() {__builtin_popcountl(0);}
                ^~~~~~~~~~~~~~~~~~~
configure:14096: $? = 0
configure:14097: result: yes
configure:14108: checking for __builtin_ctzl
configure:14114: gcc -m64 -c -pipe -O2  -W -std=c89 -pedantic -Wall -Wextra -Wcast-align -Wnested-externs -Wshadow -Wstrict-prototypes -Wno-unused-function -Wno-long-long -Wno-overlength-strings -fvisibility=hidden -O3 -I/home/remapper/Encrypt/depends/x86_64-pc-linux-gnu/share/../include/  conftest.c >&5
conftest.c:27:6: warning: function declaration isn't a prototype [-Wstrict-prototypes]
 void myfunc() {__builtin_ctzl(0);}
      ^~~~~~
conftest.c: In function 'myfunc':
conftest.c:27:16: warning: statement with no effect [-Wunused-value]
 void myfunc() {__builtin_ctzl(0);}
                ^~~~~~~~~~~~~~
configure:14114: $? = 0
configure:14115: result: yes
configure:14132: checking native compiler: gcc
configure:14147: gcc -o conftest -pipe -O2  -W -std=c89 -pedantic -Wall -Wextra -Wcast-align -Wnested-externs -Wshadow -Wstrict-prototypes -Wno-unused-function -Wno-long-long -Wno-overlength-strings -fvisibility=hidden -O3 -I/home/remapper/Encrypt/depends/x86_64-pc-linux-gnu/share/../include/  -L/home/remapper/Encrypt/depends/x86_64-pc-linux-gnu/share/../lib  conftest.c  >&5
conftest.c:30:1: warning: function declaration isn't a prototype [-Wstrict-prototypes]
 main ()
 ^~~~
configure:14147: $? = 0
configure:14147: ./conftest
configure:14147: $? = 0
configure:14168: result: ok
configure:14176: checking for  __builtin_clzll
configure:14182: gcc -m64 -c -pipe -O2  -W -std=c89 -pedantic -Wall -Wextra -Wcast-align -Wnested-externs -Wshadow -Wstrict-prototypes -Wno-unused-function -Wno-long-long -Wno-overlength-strings -fvisibility=hidden -O3 -I/home/remapper/Encrypt/depends/x86_64-pc-linux-gnu/share/../include/  conftest.c >&5
conftest.c:28:6: warning: function declaration isn't a prototype [-Wstrict-prototypes]
 void myfunc() { __builtin_clzll(1);}
      ^~~~~~
conftest.c: In function 'myfunc':
conftest.c:28:17: warning: statement with no effect [-Wunused-value]
 void myfunc() { __builtin_clzll(1);}
                 ^~~~~~~~~~~~~~~
configure:14182: $? = 0
configure:14183: result: yes
configure:14196: checking for x86_64 assembly availability
configure:14213: gcc -m64 -c -pipe -O2  -W -std=c89 -pedantic -Wall -Wextra -Wcast-align -Wnested-externs -Wshadow -Wstrict-prototypes -Wno-unused-function -Wno-long-long -Wno-overlength-strings -fvisibility=hidden -O3 -I/home/remapper/Encrypt/depends/x86_64-pc-linux-gnu/share/../include/  conftest.c >&5
conftest.c:32:1: warning: function declaration isn't a prototype [-Wstrict-prototypes]
 main ()
 ^~~~
conftest.c: In function 'main':
conftest.c:36:3: warning: 'tmp' is used uninitialized in this function [-Wuninitialized]
   __asm__ __volatile__("movq $0x100000000,%1; mulq %%rsi" : "+a"(a) : "S"(tmp) : "cc", "%rdx");
   ^~~~~~~
configure:14213: $? = 0
configure:14219: result: yes
configure:14345: checking gmp.h usability
configure:14345: gcc -m64 -c -pipe -O2  -W -std=c89 -pedantic -Wall -Wextra -Wcast-align -Wnested-externs -Wshadow -Wstrict-prototypes -Wno-unused-function -Wno-long-long -Wno-overlength-strings -fvisibility=hidden -O3  -I/home/remapper/Encrypt/depends/x86_64-pc-linux-gnu/share/../include/  conftest.c >&5
conftest.c:62:10: fatal error: gmp.h: No such file or directory
 #include <gmp.h>
          ^~~~~~~
compilation terminated.
configure:14345: $? = 1
configure: failed program was:
| /* confdefs.h */
| #define PACKAGE_NAME "libsecp256k1"
| #define PACKAGE_TARNAME "libsecp256k1"
| #define PACKAGE_VERSION "0.1"
| #define PACKAGE_STRING "libsecp256k1 0.1"
| #define PACKAGE_BUGREPORT ""
| #define PACKAGE_URL ""
| #define PACKAGE "libsecp256k1"
| #define VERSION "0.1"
| #define STDC_HEADERS 1
| #define HAVE_SYS_TYPES_H 1
| #define HAVE_SYS_STAT_H 1
| #define HAVE_STDLIB_H 1
| #define HAVE_STRING_H 1
| #define HAVE_MEMORY_H 1
| #define HAVE_STRINGS_H 1
| #define HAVE_INTTYPES_H 1
| #define HAVE_STDINT_H 1
| #define HAVE_UNISTD_H 1
| #define HAVE_DLFCN_H 1
| #define LT_OBJDIR ".libs/"
| #define HAVE___INT128 1
| #define HAVE_BUILTIN_EXPECT 1
| #define HAVE_BUILTIN_POPCOUNT 1
| #define HAVE_BUILTIN_POPCOUNTL 1
| #define HAVE_BUILTIN_CTZL 1
| #define HAVE_BUILTIN_CLZLL 1
| /* end confdefs.h.  */
| #include <stdio.h>
| #ifdef HAVE_SYS_TYPES_H
| # include <sys/types.h>
| #endif
| #ifdef HAVE_SYS_STAT_H
| # include <sys/stat.h>
| #endif
| #ifdef STDC_HEADERS
| # include <stdlib.h>
| # include <stddef.h>
| #else
| # ifdef HAVE_STDLIB_H
| #  include <stdlib.h>
| # endif
| #endif
| #ifdef HAVE_STRING_H
| # if !defined STDC_HEADERS && defined HAVE_MEMORY_H
| #  include <memory.h>
| # endif
| # include <string.h>
| #endif
| #ifdef HAVE_STRINGS_H
| # include <strings.h>
| #endif
| #ifdef HAVE_INTTYPES_H
| # include <inttypes.h>
| #endif
| #ifdef HAVE_STDINT_H
| # include <stdint.h>
| #endif
| #ifdef HAVE_UNISTD_H
| # include <unistd.h>
| #endif
| #include <gmp.h>
configure:14345: result: no
configure:14345: checking gmp.h presence
configure:14345: gcc -m64 -E  -I/home/remapper/Encrypt/depends/x86_64-pc-linux-gnu/share/../include/  conftest.c
conftest.c:29:10: fatal error: gmp.h: No such file or directory
 #include <gmp.h>
          ^~~~~~~
compilation terminated.
configure:14345: $? = 1
configure: failed program was:
| /* confdefs.h */
| #define PACKAGE_NAME "libsecp256k1"
| #define PACKAGE_TARNAME "libsecp256k1"
| #define PACKAGE_VERSION "0.1"
| #define PACKAGE_STRING "libsecp256k1 0.1"
| #define PACKAGE_BUGREPORT ""
| #define PACKAGE_URL ""
| #define PACKAGE "libsecp256k1"
| #define VERSION "0.1"
| #define STDC_HEADERS 1
| #define HAVE_SYS_TYPES_H 1
| #define HAVE_SYS_STAT_H 1
| #define HAVE_STDLIB_H 1
| #define HAVE_STRING_H 1
| #define HAVE_MEMORY_H 1
| #define HAVE_STRINGS_H 1
| #define HAVE_INTTYPES_H 1
| #define HAVE_STDINT_H 1
| #define HAVE_UNISTD_H 1
| #define HAVE_DLFCN_H 1
| #define LT_OBJDIR ".libs/"
| #define HAVE___INT128 1
| #define HAVE_BUILTIN_EXPECT 1
| #define HAVE_BUILTIN_POPCOUNT 1
| #define HAVE_BUILTIN_POPCOUNTL 1
| #define HAVE_BUILTIN_CTZL 1
| #define HAVE_BUILTIN_CLZLL 1
| /* end confdefs.h.  */
| #include <gmp.h>
configure:14345: result: no
configure:14345: checking for gmp.h
configure:14345: result: no
configure:15018: checking whether byte ordering is bigendian
configure:15033: gcc -m64 -c -pipe -O2  -W -std=c89 -pedantic -Wall -Wextra -Wcast-align -Wnested-externs -Wshadow -Wstrict-prototypes -Wno-unused-function -Wno-long-long -Wno-overlength-strings -fvisibility=hidden -O3 -I/home/remapper/Encrypt/depends/x86_64-pc-linux-gnu/share/../include/  conftest.c >&5
conftest.c:40:9: error: unknown type name 'not'
         not a universal capable compiler
         ^~~
conftest.c:40:15: error: expected '=', ',', ';', 'asm' or '__attribute__' before 'universal'
         not a universal capable compiler
               ^~~~~~~~~
conftest.c:40:15: error: unknown type name 'universal'
configure:15033: $? = 1
configure: failed program was:
| /* confdefs.h */
| #define PACKAGE_NAME "libsecp256k1"
| #define PACKAGE_TARNAME "libsecp256k1"
| #define PACKAGE_VERSION "0.1"
| #define PACKAGE_STRING "libsecp256k1 0.1"
| #define PACKAGE_BUGREPORT ""
| #define PACKAGE_URL ""
| #define PACKAGE "libsecp256k1"
| #define VERSION "0.1"
| #define STDC_HEADERS 1
| #define HAVE_SYS_TYPES_H 1
| #define HAVE_SYS_STAT_H 1
| #define HAVE_STDLIB_H 1
| #define HAVE_STRING_H 1
| #define HAVE_MEMORY_H 1
| #define HAVE_STRINGS_H 1
| #define HAVE_INTTYPES_H 1
| #define HAVE_STDINT_H 1
| #define HAVE_UNISTD_H 1
| #define HAVE_DLFCN_H 1
| #define LT_OBJDIR ".libs/"
| #define HAVE___INT128 1
| #define HAVE_BUILTIN_EXPECT 1
| #define HAVE_BUILTIN_POPCOUNT 1
| #define HAVE_BUILTIN_POPCOUNTL 1
| #define HAVE_BUILTIN_CTZL 1
| #define HAVE_BUILTIN_CLZLL 1
| #define USE_ASM_X86_64 1
| #define USE_FIELD_5X52 1
| #define USE_NUM_NONE 1
| #define USE_FIELD_INV_BUILTIN 1
| #define USE_SCALAR_INV_BUILTIN 1
| #define USE_SCALAR_4X64 1
| #define USE_ECMULT_STATIC_PRECOMPUTATION 1
| #define ENABLE_MODULE_GENERATOR 1
| #define ENABLE_MODULE_COMMITMENT 1
| #define ENABLE_MODULE_BULLETPROOF 1
| /* end confdefs.h.  */
| #ifndef __APPLE_CC__
| 	       not a universal capable compiler
| 	     #endif
| 	     typedef int dummy;
| 
configure:15078: gcc -m64 -c -pipe -O2  -W -std=c89 -pedantic -Wall -Wextra -Wcast-align -Wnested-externs -Wshadow -Wstrict-prototypes -Wno-unused-function -Wno-long-long -Wno-overlength-strings -fvisibility=hidden -O3 -I/home/remapper/Encrypt/depends/x86_64-pc-linux-gnu/share/../include/  conftest.c >&5
conftest.c:43:1: warning: function declaration isn't a prototype [-Wstrict-prototypes]
 main ()
 ^~~~
conftest.c: In function 'main':
conftest.c:46:8: error: unknown type name 'bogus'
        bogus endian macros
        ^~~~~
conftest.c:46:21: error: expected '=', ',', ';', 'asm' or '__attribute__' before 'macros'
        bogus endian macros
                     ^~~~~~
configure:15078: $? = 1
configure: failed program was:
| /* confdefs.h */
| #define PACKAGE_NAME "libsecp256k1"
| #define PACKAGE_TARNAME "libsecp256k1"
| #define PACKAGE_VERSION "0.1"
| #define PACKAGE_STRING "libsecp256k1 0.1"
| #define PACKAGE_BUGREPORT ""
| #define PACKAGE_URL ""
| #define PACKAGE "libsecp256k1"
| #define VERSION "0.1"
| #define STDC_HEADERS 1
| #define HAVE_SYS_TYPES_H 1
| #define HAVE_SYS_STAT_H 1
| #define HAVE_STDLIB_H 1
| #define HAVE_STRING_H 1
| #define HAVE_MEMORY_H 1
| #define HAVE_STRINGS_H 1
| #define HAVE_INTTYPES_H 1
| #define HAVE_STDINT_H 1
| #define HAVE_UNISTD_H 1
| #define HAVE_DLFCN_H 1
| #define LT_OBJDIR ".libs/"
| #define HAVE___INT128 1
| #define HAVE_BUILTIN_EXPECT 1
| #define HAVE_BUILTIN_POPCOUNT 1
| #define HAVE_BUILTIN_POPCOUNTL 1
| #define HAVE_BUILTIN_CTZL 1
| #define HAVE_BUILTIN_CLZLL 1
| #define USE_ASM_X86_64 1
| #define USE_FIELD_5X52 1
| #define USE_NUM_NONE 1
| #define USE_FIELD_INV_BUILTIN 1
| #define USE_SCALAR_INV_BUILTIN 1
| #define USE_SCALAR_4X64 1
| #define USE_ECMULT_STATIC_PRECOMPUTATION 1
| #define ENABLE_MODULE_GENERATOR 1
| #define ENABLE_MODULE_COMMITMENT 1
| #define ENABLE_MODULE_BULLETPROOF 1
| /* end confdefs.h.  */
| #include <sys/types.h>
| 	     #include <sys/param.h>
| 
| int
| main ()
| {
| #if ! (defined BYTE_ORDER && defined BIG_ENDIAN 		     && defined LITTLE_ENDIAN && BYTE_ORDER && BIG_ENDIAN 		     && LITTLE_ENDIAN)
| 	      bogus endian macros
| 	     #endif
| 
|   ;
|   return 0;
| }
configure:15122: gcc -m64 -c -pipe -O2  -W -std=c89 -pedantic -Wall -Wextra -Wcast-align -Wnested-externs -Wshadow -Wstrict-prototypes -Wno-unused-function -Wno-long-long -Wno-overlength-strings -fvisibility=hidden -O3 -I/home/remapper/Encrypt/depends/x86_64-pc-linux-gnu/share/../include/  conftest.c >&5
conftest.c:42:1: warning: function declaration isn't a prototype [-Wstrict-prototypes]
 main ()
 ^~~~
conftest.c: In function 'main':
conftest.c:45:8: error: unknown type name 'bogus'
        bogus endian macros
        ^~~~~
conftest.c:45:21: error: expected '=', ',', ';', 'asm' or '__attribute__' before 'macros'
        bogus endian macros
                     ^~~~~~
configure:15122: $? = 1
configure: failed program was:
| /* confdefs.h */
| #define PACKAGE_NAME "libsecp256k1"
| #define PACKAGE_TARNAME "libsecp256k1"
| #define PACKAGE_VERSION "0.1"
| #define PACKAGE_STRING "libsecp256k1 0.1"
| #define PACKAGE_BUGREPORT ""
| #define PACKAGE_URL ""
| #define PACKAGE "libsecp256k1"
| #define VERSION "0.1"
| #define STDC_HEADERS 1
| #define HAVE_SYS_TYPES_H 1
| #define HAVE_SYS_STAT_H 1
| #define HAVE_STDLIB_H 1
| #define HAVE_STRING_H 1
| #define HAVE_MEMORY_H 1
| #define HAVE_STRINGS_H 1
| #define HAVE_INTTYPES_H 1
| #define HAVE_STDINT_H 1
| #define HAVE_UNISTD_H 1
| #define HAVE_DLFCN_H 1
| #define LT_OBJDIR ".libs/"
| #define HAVE___INT128 1
| #define HAVE_BUILTIN_EXPECT 1
| #define HAVE_BUILTIN_POPCOUNT 1
| #define HAVE_BUILTIN_POPCOUNTL 1
| #define HAVE_BUILTIN_CTZL 1
| #define HAVE_BUILTIN_CLZLL 1
| #define USE_ASM_X86_64 1
| #define USE_FIELD_5X52 1
| #define USE_NUM_NONE 1
| #define USE_FIELD_INV_BUILTIN 1
| #define USE_SCALAR_INV_BUILTIN 1
| #define USE_SCALAR_4X64 1
| #define USE_ECMULT_STATIC_PRECOMPUTATION 1
| #define ENABLE_MODULE_GENERATOR 1
| #define ENABLE_MODULE_COMMITMENT 1
| #define ENABLE_MODULE_BULLETPROOF 1
| /* end confdefs.h.  */
| #include <limits.h>
| 
| int
| main ()
| {
| #if ! (defined _LITTLE_ENDIAN || defined _BIG_ENDIAN)
| 	      bogus endian macros
| 	     #endif
| 
|   ;
|   return 0;
| }
configure:15213: gcc -m64 -o conftest -pipe -O2  -W -std=c89 -pedantic -Wall -Wextra -Wcast-align -Wnested-externs -Wshadow -Wstrict-prototypes -Wno-unused-function -Wno-long-long -Wno-overlength-strings -fvisibility=hidden -O3 -I/home/remapper/Encrypt/depends/x86_64-pc-linux-gnu/share/../include/  -L/home/remapper/Encrypt/depends/x86_64-pc-linux-gnu/share/../lib  conftest.c  >&5
conftest.c:73:1: warning: function declaration isn't a prototype [-Wstrict-prototypes]
 main ()
 ^~~~
configure:15213: $? = 0
configure:15213: ./conftest
configure:15213: $? = 0
configure:15224: result: no
configure:15249: Using static precomputation: yes
configure:15251: Using assembly optimizations: x86_64
configure:15253: Using field implementation: 64bit
configure:15255: Using bignum implementation: no
configure:15257: Using scalar implementation: 64bit
configure:15259: Using endomorphism optimizations: no
configure:15261: Building benchmarks: yes
configure:15263: Building for coverage analysis: no
configure:15265: Building ECDH module: no
configure:15267: Building ECDSA pubkey recovery module: no
configure:15269: Using jni: no
configure:15273: ******
configure:15275: WARNING: experimental build
configure:15277: Experimental features do not have stable APIs or properties, and may not be safe for production use.
configure:15279: Building ECDH module: no
configure:15281: Building NUMS generator module: yes
configure:15283: Building Pedersen commitment module: yes
configure:15285: Building range proof module: no
configure:15287: Building bulletproof module: yes
configure:15289: Building key whitelisting module: no
configure:15291: Building surjection proof module: no
configure:15293: ******
configure:15600: checking that generated files are newer than configure
configure:15606: result: done
configure:15702: creating ./config.status

## ---------------------- ##
## Running config.status. ##
## ---------------------- ##

This file was extended by libsecp256k1 config.status 0.1, which was
generated by GNU Autoconf 2.69.  Invocation command line was

  CONFIG_FILES    = 
  CONFIG_HEADERS  = 
  CONFIG_LINKS    = 
  CONFIG_COMMANDS = 
  $ ./config.status 

on remapper-VirtualBox

config.status:1161: creating Makefile
config.status:1161: creating libsecp256k1.pc
config.status:1161: creating src/libsecp256k1-config.h
config.status:1390: executing depfiles commands
config.status:1390: executing libtool commands

## ---------------- ##
## Cache variables. ##
## ---------------- ##

ac_cv_build=x86_64-pc-linux-gnu
ac_cv_build_prog_CPP='gcc -E'
ac_cv_build_prog_cc_g=yes
ac_cv_c_bigendian=no
ac_cv_c_compiler_gnu=yes
ac_cv_env_CCASFLAGS_set=
ac_cv_env_CCASFLAGS_value=
ac_cv_env_CCAS_set=
ac_cv_env_CCAS_value=
ac_cv_env_CC_set=
ac_cv_env_CC_value=
ac_cv_env_CFLAGS_set=
ac_cv_env_CFLAGS_value=
ac_cv_env_CPPFLAGS_set=
ac_cv_env_CPPFLAGS_value=
ac_cv_env_CPP_set=
ac_cv_env_CPP_value=
ac_cv_env_CRYPTO_CFLAGS_set=
ac_cv_env_CRYPTO_CFLAGS_value=
ac_cv_env_CRYPTO_LIBS_set=
ac_cv_env_CRYPTO_LIBS_value=
ac_cv_env_LDFLAGS_set=
ac_cv_env_LDFLAGS_value=
ac_cv_env_LIBS_set=
ac_cv_env_LIBS_value=
ac_cv_env_LT_SYS_LIBRARY_PATH_set=
ac_cv_env_LT_SYS_LIBRARY_PATH_value=
ac_cv_env_PKG_CONFIG_LIBDIR_set=
ac_cv_env_PKG_CONFIG_LIBDIR_value=
ac_cv_env_PKG_CONFIG_PATH_set=
ac_cv_env_PKG_CONFIG_PATH_value=
ac_cv_env_PKG_CONFIG_set=
ac_cv_env_PKG_CONFIG_value=
ac_cv_env_build_alias_set=
ac_cv_env_build_alias_value=
ac_cv_env_host_alias_set=
ac_cv_env_host_alias_value=
ac_cv_env_target_alias_set=
ac_cv_env_target_alias_value=
ac_cv_header_dlfcn_h=yes
ac_cv_header_gmp_h=no
ac_cv_header_inttypes_h=yes
ac_cv_header_memory_h=yes
ac_cv_header_stdc=yes
ac_cv_header_stdint_h=yes
ac_cv_header_stdlib_h=yes
ac_cv_header_string_h=yes
ac_cv_header_strings_h=yes
ac_cv_header_sys_stat_h=yes
ac_cv_header_sys_types_h=yes
ac_cv_header_unistd_h=yes
ac_cv_host=x86_64-pc-linux-gnu
ac_cv_objext=o
ac_cv_path_EGREP='/bin/grep -E'
ac_cv_path_FGREP='/bin/grep -F'
ac_cv_path_GREP=/bin/grep
ac_cv_path_PKG_CONFIG='/usr/bin/pkg-config --static'
ac_cv_path_SED=/bin/sed
ac_cv_path_ac_pt_AR=ar
ac_cv_path_ac_pt_NM=nm
ac_cv_path_ac_pt_RANLIB=ranlib
ac_cv_path_ac_pt_STRIP=/usr/bin/strip
ac_cv_path_install='/usr/bin/install -c'
ac_cv_path_lt_DD=/bin/dd
ac_cv_path_mkdir=/bin/mkdir
ac_cv_prog_AR=ar
ac_cv_prog_AWK=mawk
ac_cv_prog_CC='gcc -m64'
ac_cv_prog_CPP='gcc -m64 -E'
ac_cv_prog_RANLIB=ranlib
ac_cv_prog_STRIP=strip
ac_cv_prog_ac_ct_CC_FOR_BUILD=gcc
ac_cv_prog_ac_ct_MANIFEST_TOOL=mt
ac_cv_prog_ac_ct_OBJDUMP=objdump
ac_cv_prog_ac_ct_STRIP=strip
ac_cv_prog_cc_c89=
ac_cv_prog_cc_g=yes
ac_cv_prog_make_make_set=yes
ac_cv_type___int128=yes
am_cv_CCAS_dependencies_compiler_type=gcc3
am_cv_CC_dependencies_compiler_type=gcc3
am_cv_make_support_nested_variables=yes
am_cv_prog_cc_c_o=yes
lt_cv_ar_at_file=@
lt_cv_deplibs_check_method=pass_all
lt_cv_file_magic_cmd='$MAGIC_CMD'
lt_cv_file_magic_test_file=
lt_cv_ld_reload_flag=-r
lt_cv_nm_interface='BSD nm'
lt_cv_objdir=.libs
lt_cv_path_LD=/usr/bin/ld
lt_cv_path_NM=nm
lt_cv_path_mainfest_tool=no
lt_cv_prog_compiler_c_o=yes
lt_cv_prog_compiler_pic='-fPIC -DPIC'
lt_cv_prog_compiler_pic_works=yes
lt_cv_prog_compiler_rtti_exceptions=no
lt_cv_prog_compiler_static_works=yes
lt_cv_prog_gnu_ld=yes
lt_cv_sharedlib_from_linklib_cmd='printf %s\n'
lt_cv_shlibpath_overrides_runpath=yes
lt_cv_sys_global_symbol_pipe='sed -n -e '\''s/^.*[	 ]\([ABCDGIRSTW][ABCDGIRSTW]*\)[	 ][	 ]*\([_A-Za-z][_A-Za-z0-9]*\)$/\1 \2 \2/p'\'' | sed '\''/ __gnu_lto/d'\'''
lt_cv_sys_global_symbol_to_c_name_address='sed -n -e '\''s/^: \(.*\) .*$/  {"\1", (void *) 0},/p'\'' -e '\''s/^[ABCDGIRSTW][ABCDGIRSTW]* .* \(.*\)$/  {"\1", (void *) \&\1},/p'\'''
lt_cv_sys_global_symbol_to_c_name_address_lib_prefix='sed -n -e '\''s/^: \(.*\) .*$/  {"\1", (void *) 0},/p'\'' -e '\''s/^[ABCDGIRSTW][ABCDGIRSTW]* .* \(lib.*\)$/  {"\1", (void *) \&\1},/p'\'' -e '\''s/^[ABCDGIRSTW][ABCDGIRSTW]* .* \(.*\)$/  {"lib\1", (void *) \&\1},/p'\'''
lt_cv_sys_global_symbol_to_cdecl='sed -n -e '\''s/^T .* \(.*\)$/extern int \1();/p'\'' -e '\''s/^[ABCDGIRSTW][ABCDGIRSTW]* .* \(.*\)$/extern char \1;/p'\'''
lt_cv_sys_global_symbol_to_import=
lt_cv_sys_max_cmd_len=1572864
lt_cv_to_host_file_cmd=func_convert_file_noop
lt_cv_to_tool_file_cmd=func_convert_file_noop
lt_cv_truncate_bin='/bin/dd bs=4096 count=1'

## ----------------- ##
## Output variables. ##
## ----------------- ##

ACLOCAL='${SHELL} /home/remapper/Encrypt/src/secp256k1-mw/build-aux/missing aclocal-1.15'
AMDEPBACKSLASH='\'
AMDEP_FALSE='#'
AMDEP_TRUE=''
AMTAR='$${TAR-tar}'
AM_BACKSLASH='\'
AM_DEFAULT_V='$(AM_DEFAULT_VERBOSITY)'
AM_DEFAULT_VERBOSITY='0'
AM_V='$(V)'
AR='ar'
AUTOCONF='${SHELL} /home/remapper/Encrypt/src/secp256k1-mw/build-aux/missing autoconf'
AUTOHEADER='${SHELL} /home/remapper/Encrypt/src/secp256k1-mw/build-aux/missing autoheader'
AUTOMAKE='${SHELL} /home/remapper/Encrypt/src/secp256k1-mw/build-aux/missing automake-1.15'
AWK='mawk'
BREW=''
BUILD_EXEEXT=''
BUILD_OBJEXT=''
CC='gcc -m64'
CCAS='gcc -m64'
CCASDEPMODE='depmode=gcc3'
CCASFLAGS='-pipe -O2 '
CCDEPMODE='depmode=gcc3'
CC_FOR_BUILD='gcc'
CFLAGS='-pipe -O2  -W -std=c89 -pedantic -Wall -Wextra -Wcast-align -Wnested-externs -Wshadow -Wstrict-prototypes -Wno-unused-function -Wno-long-long -Wno-overlength-strings -fvisibility=hidden -O3'
CFLAGS_FOR_BUILD='-g -O2'
CPP='gcc -m64 -E'
CPPFLAGS='-I/home/remapper/Encrypt/depends/x86_64-pc-linux-gnu/share/../include/ '
CPPFLAGS_FOR_BUILD=''
CPP_FOR_BUILD='gcc -E'
CRYPTO_CFLAGS=''
CRYPTO_LIBS=''
CYGPATH_W='echo'
DEFS='-DHAVE_CONFIG_H'
DEPDIR='.deps'
DLLTOOL='false'
DSYMUTIL=''
DUMPBIN=''
ECHO_C=''
ECHO_N='-n'
ECHO_T=''
EGREP='/bin/grep -E'
ENABLE_COVERAGE_FALSE=''
ENABLE_COVERAGE_TRUE='#'
ENABLE_MODULE_BULLETPROOF_FALSE='#'
ENABLE_MODULE_BULLETPROOF_TRUE=''
ENABLE_MODULE_COMMITMENT_FALSE='#'
ENABLE_MODULE_COMMITMENT_TRUE=''
ENABLE_MODULE_ECDH_FALSE=''
ENABLE_MODULE_ECDH_TRUE='#'
ENABLE_MODULE_GENERATOR_FALSE='#'
ENABLE_MODULE_GENERATOR_TRUE=''
ENABLE_MODULE_RANGEPROOF_FALSE=''
ENABLE_MODULE_RANGEPROOF_TRUE='#'
ENABLE_MODULE_RECOVERY_FALSE=''
ENABLE_MODULE_RECOVERY_TRUE='#'
ENABLE_MODULE_SURJECTIONPROOF_FALSE=''
ENABLE_MODULE_SURJECTIONPROOF_TRUE='#'
ENABLE_MODULE_WHITELIST_FALSE=''
ENABLE_MODULE_WHITELIST_TRUE='#'
EXEEXT=''
FGREP='/bin/grep -F'
GREP='/bin/grep'
INSTALL_DATA='${INSTALL} -m 644'
INSTALL_PROGRAM='${INSTALL}'
INSTALL_SCRIPT='${INSTALL}'
INSTALL_STRIP_PROGRAM='$(install_sh) -c -s'
JNI_INCLUDES=''
LD='/usr/bin/ld -m elf_x86_64'
LDFLAGS='-L/home/remapper/Encrypt/depends/x86_64-pc-linux-gnu/share/../lib '
LDFLAGS_FOR_BUILD=''
LIBOBJS=''
LIBS=''
LIBTOOL='$(SHELL) $(top_builddir)/libtool'
LIPO=''
LN_S='ln -s'
LTLIBOBJS=''
LT_SYS_LIBRARY_PATH=''
MAKEINFO='${SHELL} /home/remapper/Encrypt/src/secp256k1-mw/build-aux/missing makeinfo'
MANIFEST_TOOL=':'
MKDIR_P='/bin/mkdir -p'
NM='nm'
NMEDIT=''
OBJDUMP='objdump'
OBJEXT='o'
OTOOL64=''
OTOOL=''
PACKAGE='libsecp256k1'
PACKAGE_BUGREPORT=''
PACKAGE_NAME='libsecp256k1'
PACKAGE_STRING='libsecp256k1 0.1'
PACKAGE_TARNAME='libsecp256k1'
PACKAGE_URL=''
PACKAGE_VERSION='0.1'
PATH_SEPARATOR=':'
PKG_CONFIG='/usr/bin/pkg-config --static'
PKG_CONFIG_LIBDIR='/home/remapper/Encrypt/depends/x86_64-pc-linux-gnu/share/../lib/pkgconfig'
PKG_CONFIG_PATH='/home/remapper/Encrypt/depends/x86_64-pc-linux-gnu/share/../share/pkgconfig:/home/remapper/Encrypt/depends/x86_64-pc-linux-gnu/share/../lib/pkgconfig'
PORT=''
RANLIB='ranlib'
SECP_INCLUDES=''
SECP_LIBS=''
SECP_TEST_INCLUDES=''
SECP_TEST_LIBS=''
SED='/bin/sed'
SET_MAKE=''
SHELL='/bin/bash'
STRIP='/usr/bin/strip'
USE_ASM_ARM_FALSE=''
USE_ASM_ARM_TRUE='#'
USE_BENCHMARK_FALSE='#'
USE_BENCHMARK_TRUE=''
USE_ECMULT_STATIC_PRECOMPUTATION_FALSE='#'
USE_ECMULT_STATIC_PRECOMPUTATION_TRUE=''
USE_EXHAUSTIVE_TESTS_FALSE='#'
USE_EXHAUSTIVE_TESTS_TRUE=''
USE_EXTERNAL_ASM_FALSE=''
USE_EXTERNAL_ASM_TRUE='#'
USE_JNI_FALSE=''
USE_JNI_TRUE='#'
USE_TESTS_FALSE=''
USE_TESTS_TRUE='#'
VERSION='0.1'
_ACJNI_JAVAC=''
ac_ct_AR=''
ac_ct_CC=''
ac_ct_CC_FOR_BUILD='gcc'
ac_ct_DUMPBIN=''
am__EXEEXT_FALSE=''
am__EXEEXT_TRUE='#'
am__fastdepCCAS_FALSE='#'
am__fastdepCCAS_TRUE=''
am__fastdepCC_FALSE='#'
am__fastdepCC_TRUE=''
am__include='include'
am__isrc=''
am__leading_dot='.'
am__nodep='_no'
am__quote=''
am__tar='$${TAR-tar} chof - "$$tardir"'
am__untar='$${TAR-tar} xf -'
bindir='${exec_prefix}/bin'
build='x86_64-pc-linux-gnu'
build_alias=''
build_cpu='x86_64'
build_os='linux-gnu'
build_vendor='pc'
datadir='${datarootdir}'
datarootdir='${prefix}/share'
docdir='${datarootdir}/doc/${PACKAGE_TARNAME}'
dvidir='${docdir}'
exec_prefix='${prefix}'
host='x86_64-pc-linux-gnu'
host_alias='x86_64-pc-linux-gnu'
host_cpu='x86_64'
host_os='linux-gnu'
host_vendor='pc'
htmldir='${docdir}'
includedir='${prefix}/include'
infodir='${datarootdir}/info'
install_sh='${SHELL} /home/remapper/Encrypt/src/secp256k1-mw/build-aux/install-sh'
libdir='${exec_prefix}/lib'
libexecdir='${exec_prefix}/libexec'
localedir='${datarootdir}/locale'
localstatedir='${prefix}/var'
mandir='${datarootdir}/man'
mkdir_p='$(MKDIR_P)'
oldincludedir='/usr/include'
pdfdir='${docdir}'
prefix='/home/remapper/Encrypt/depends/x86_64-pc-linux-gnu'
program_transform_name='s,x,x,'
psdir='${docdir}'
runstatedir='${localstatedir}/run'
sbindir='${exec_prefix}/sbin'
sharedstatedir='${prefix}/com'
sysconfdir='${prefix}/etc'
target_alias=''

## ----------- ##
## confdefs.h. ##
## ----------- ##

/* confdefs.h */
#define PACKAGE_NAME "libsecp256k1"
#define PACKAGE_TARNAME "libsecp256k1"
#define PACKAGE_VERSION "0.1"
#define PACKAGE_STRING "libsecp256k1 0.1"
#define PACKAGE_BUGREPORT ""
#define PACKAGE_URL ""
#define PACKAGE "libsecp256k1"
#define VERSION "0.1"
#define STDC_HEADERS 1
#define HAVE_SYS_TYPES_H 1
#define HAVE_SYS_STAT_H 1
#define HAVE_STDLIB_H 1
#define HAVE_STRING_H 1
#define HAVE_MEMORY_H 1
#define HAVE_STRINGS_H 1
#define HAVE_INTTYPES_H 1
#define HAVE_STDINT_H 1
#define HAVE_UNISTD_H 1
#define HAVE_DLFCN_H 1
#define LT_OBJDIR ".libs/"
#define HAVE___INT128 1
#define HAVE_BUILTIN_EXPECT 1
#define HAVE_BUILTIN_POPCOUNT 1
#define HAVE_BUILTIN_POPCOUNTL 1
#define HAVE_BUILTIN_CTZL 1
#define HAVE_BUILTIN_CLZLL 1
#define USE_ASM_X86_64 1
#define USE_FIELD_5X52 1
#define USE_NUM_NONE 1
#define USE_FIELD_INV_BUILTIN 1
#define USE_SCALAR_INV_BUILTIN 1
#define USE_SCALAR_4X64 1
#define USE_ECMULT_STATIC_PRECOMPUTATION 1
#define ENABLE_MODULE_GENERATOR 1
#define ENABLE_MODULE_COMMITMENT 1
#define ENABLE_MODULE_BULLETPROOF 1

configure: exit 0
